=================================================================
ü§ñ TEST ANALYSIS REPORT
=================================================================

COMMAND: yarn nx test settings-voice-assist-feature
EXIT CODE: 1
STATUS: ‚ùå FAILED

=================================================================
üìä EXECUTIVE SUMMARY
=================================================================
Test Suites: 2 failed, 4 passed, 6 total
Tests: 3 failed, 141 passed, 144 total
Time: 45.234s
Test Suites: 4 passed, 2 failed

==================================================================
üí• FAILURE ANALYSIS
==================================================================

üî• COMPILATION/RUNTIME ERRORS:
--------------------------------
  ‚Ä¢ Property 'mockFunction' does not exist on type 'Service'
  ‚Ä¢ Cannot find name 'undefinedVariable'

üß™ TEST FAILURES:
-----------------
  ‚Ä¢ Component ‚Ä∫ should initialize properly
    Expected true but received false

==================================================================
üß™ TEST RESULTS SUMMARY
==================================================================

‚úÖ src/app/services/test.spec.ts
‚ùå src/app/components/voice.spec.ts

==================================================================
‚ö° PERFORMANCE INSIGHTS
==================================================================
Time: 45.234s